[main] INFO  JKSinjector.Carpeta  - ruta archivo y nombre: C:\Users\e10934a\Documents\NetBeansProjects\JKS_CA_Injector\Input\certificate.crt | certificate.crt
[main] INFO  JKSinjector.JKSinjectorDAS  - Path Keystore JOB: C:\test\DAS\das-jsf-tls.jks
[main] INFO  JKSinjector.JKSinjectorDAS  - Clave JOB: yizNuxlcBLeEUYL
[main] INFO  JKSinjector.JKSinjectorDAS  - Path Keystore REPO: C:\test\DAS\das-sae-tls.jks
[main] INFO  JKSinjector.JKSinjectorDAS  - Clave REPO: I5wxuBY6ht1N6D9
[main] INFO  JKSinjector.JKSinjectorDAS  - Path TrustStore : C:\test\DAS\das-trust.jks
[main] INFO  JKSinjector.JKSinjectorDAS  - Clave REPO: Miclave.1
[main] INFO  JKSinjector.Carpeta  - ruta archivo y nombre: C:\Users\e10934a\Documents\NetBeansProjects\JKS_CA_Injector\Input\certificate.crt | certificate.crt
[main] INFO  JKSinjector.JKSinjectorDAS  - Path Keystore JOB: C:\test\DAS\das-jsf-tls.jks
[main] INFO  JKSinjector.JKSinjectorDAS  - Clave JOB: yizNuxlcBLeEUYL
[main] INFO  JKSinjector.JKSinjectorDAS  - Path Keystore REPO: C:\test\DAS\das-sae-tls.jks
[main] INFO  JKSinjector.JKSinjectorDAS  - Clave REPO: I5wxuBY6ht1N6D9
[main] INFO  JKSinjector.JKSinjectorDAS  - Path TrustStore : C:\test\DAS\das-trust.jks
[main] INFO  JKSinjector.JKSinjectorDAS  - Clave REPO: Miclave.1
[main] INFO  JKSinjector.Carpeta  - ruta archivo y nombre: C:\Users\e10934a\Documents\NetBeansProjects\JKS_CA_Injector\Input\certificate.crt | certificate.crt
[main] INFO  JKSinjector.Certificado  - El numero de alias es : 1
[main] INFO  JKSinjector.Certificado  - Nombre alias: das-jsf-tls-20190222154823
[main] INFO  JKSinjector.Certificado  - ruta certificado a abrir: C:\Users\e10934a\Documents\NetBeansProjects\JKS_CA_Injector\Input\certificate.crt
[main] INFO  JKSinjector.Certificado  - Cantidad de certificado: 1
[main] INFO  JKSinjector.Certificado  - Guardado nuevo Certificado en Keystore [OK] 
[main] INFO  JKSinjector.Carpeta  - Antes :[Ljava.lang.String;@2812cbfa
[main] INFO  JKSinjector.Carpeta  - Antes :[Ljava.lang.String;@2d6e8792
[main] INFO  JKSinjector.Carpeta  - Despues :[Ljava.lang.String;@edf4efb
[main] INFO  JKSinjector.JKSinjectorDAS  - Path configuracion JOB Service: C:\Users\e10934a\Documents\NetBeansProjects\JKS_CA_Injector/Job Server 2/conf/com.edacrypto.cfg
[main] INFO  JKSinjector.JKSinjectorDAS  - Path configuracion JOB Service: C:\Users\e10934a\Documents\NetBeansProjects\JKS_CA_Injector/Job Server v1.15/conf/com.edacrypto.cfg
[main] INFO  JKSinjector.JKSinjectorDAS  - Path configuracion JOB Service: C:\Users\e10934a\Documents\NetBeansProjects\JKS_CA_Injector/Job Server v1.15/conf/com.edacrypto.cfg
[main] INFO  JKSinjector.JKSinjectorDAS  - Path configuracion JOB Service: C:\Users\e10934a\Documents\NetBeansProjects\JKS_CA_Injector/Job Server v1.15/conf/com.edacrypto.cfg
[main] INFO  JKSinjector.JKSinjectorDAS  - Path configuracion REPO Service: C:\Users\e10934a\Documents\NetBeansProjects\JKS_CA_Injector/Repository Server v1.15/conf/com.edacrypto.cfg
[main] INFO  JKSinjector.Carpeta  - No se encontro el Archivo de configuracion
[main] INFO  JKSinjector.JKSinjectorDAS  - Path configuracion JOB Service: 
[main] INFO  JKSinjector.Carpeta  - No se encontro el Archivo de configuracion
[main] INFO  JKSinjector.JKSinjectorDAS  - Path configuracion REPO Service: 
[main] INFO  JKSinjector.Carpeta  - No se encontro el Archivo de configuracion
[main] INFO  JKSinjector.JKSinjectorDAS  - Path configuracion JOB Service: 
[main] INFO  JKSinjector.Carpeta  - No se encontro el Archivo de configuracion
[main] INFO  JKSinjector.JKSinjectorDAS  - Path configuracion REPO Service: 
[main] INFO  JKSinjector.JKSinjectorDAS  - Path configuracion JOB Service: c://test/DAS/Job Server v1.15/conf/com.edacrypto.cfg
[main] INFO  JKSinjector.JKSinjectorDAS  - Path configuracion REPO Service: c://test/DAS/Repository Server v1.15/conf/com.edacrypto.cfg
[main] INFO  JKSinjector.JKSinjectorDAS  - Path configuracion JOB Service: c://test/DAS/Job Server v1.15/conf/com.edacrypto.cfg
[main] INFO  JKSinjector.JKSinjectorDAS  - Path configuracion REPO Service: c://test/DAS/Repository Server v1.15/conf/com.edacrypto.cfg
[main] ERROR JKSinjector.Archivo  - No se enuecntra el archivo: 
java.io.FileNotFoundException: c:\test\DAS\Job Server v1.15\conf\com.edacrypto.cfg (El sistema no puede encontrar el archivo especificado)
	at java.io.FileInputStream.open0(Native Method)
	at java.io.FileInputStream.open(FileInputStream.java:195)
	at java.io.FileInputStream.<init>(FileInputStream.java:138)
	at java.io.FileReader.<init>(FileReader.java:72)
	at JKSinjector.Archivo.getParam(Archivo.java:76)
	at JKSinjector.JKSinjectorDAS.main(JKSinjectorDAS.java:54)
[main] INFO  JKSinjector.JKSinjectorDAS  - Path configuracion JOB Service: c://test/DAS/Job Server v1.15/conf/com.edacrypto.cfg
[main] INFO  JKSinjector.JKSinjectorDAS  - Path configuracion REPO Service: c://test/DAS/Repository Server v1.15/conf/com.edacrypto.cfg
[main] ERROR JKSinjector.Archivo  - No se enuecntra el archivo: 
java.io.FileNotFoundException: c:\test\DAS\Job Server v1.15\conf\com.edacrypto.cfg (El sistema no puede encontrar el archivo especificado)
	at java.io.FileInputStream.open0(Native Method)
	at java.io.FileInputStream.open(FileInputStream.java:195)
	at java.io.FileInputStream.<init>(FileInputStream.java:138)
	at java.io.FileReader.<init>(FileReader.java:72)
	at JKSinjector.Archivo.getParam(Archivo.java:76)
	at JKSinjector.JKSinjectorDAS.main(JKSinjectorDAS.java:54)
[main] INFO  JKSinjector.JKSinjectorDAS  - Path configuracion JOB Service: c://test/DAS/Job Server v1.15/conf/com.edacrypto.cfg
[main] INFO  JKSinjector.JKSinjectorDAS  - Path configuracion REPO Service: c://test/DAS/Repository Server v1.15/conf/com.edacrypto.cfg
[main] ERROR JKSinjector.Archivo  - No se enuecntra el archivo: 
java.io.FileNotFoundException: c:\test\DAS\Job Server v1.15\conf\com.edacrypto.cfg (El sistema no puede encontrar el archivo especificado)
	at java.io.FileInputStream.open0(Native Method)
	at java.io.FileInputStream.open(FileInputStream.java:195)
	at java.io.FileInputStream.<init>(FileInputStream.java:138)
	at java.io.FileReader.<init>(FileReader.java:72)
	at JKSinjector.Archivo.getParam(Archivo.java:76)
	at JKSinjector.JKSinjectorDAS.main(JKSinjectorDAS.java:54)
[main] INFO  JKSinjector.JKSinjectorDAS  - Path configuracion JOB Service: c://test/DAS/Job Server v1.15/conf/com.edacrypto.cfg
[main] INFO  JKSinjector.JKSinjectorDAS  - Path configuracion REPO Service: c://test/DAS/Repository Server v1.15/conf/com.edacrypto.cfg
[main] ERROR JKSinjector.Archivo  - No se enuecntra el archivo: 
java.io.FileNotFoundException: c:\test\DAS\Job Server v1.15\conf\com.edacrypto.cfg (El sistema no puede encontrar el archivo especificado)
	at java.io.FileInputStream.open0(Native Method)
	at java.io.FileInputStream.open(FileInputStream.java:195)
	at java.io.FileInputStream.<init>(FileInputStream.java:138)
	at java.io.FileReader.<init>(FileReader.java:72)
	at JKSinjector.Archivo.getParam(Archivo.java:76)
	at JKSinjector.JKSinjectorDAS.main(JKSinjectorDAS.java:54)
[main] INFO  JKSinjector.JKSinjectorDAS  - Path configuracion JOB Service: c://test/DAS/Job Server v1.15/conf/com.edacrypto.cfg
[main] INFO  JKSinjector.JKSinjectorDAS  - Path configuracion REPO Service: c://test/DAS/Repository Server v1.15/conf/com.edacrypto.cfg
[main] ERROR JKSinjector.Archivo  - No se enuecntra el archivo: 
java.io.FileNotFoundException: c:\test\DAS\Job Server v1.15\conf\com.edacrypto.cfg (El sistema no puede encontrar el archivo especificado)
	at java.io.FileInputStream.open0(Native Method)
	at java.io.FileInputStream.open(FileInputStream.java:195)
	at java.io.FileInputStream.<init>(FileInputStream.java:138)
	at java.io.FileReader.<init>(FileReader.java:72)
	at JKSinjector.Archivo.getParam(Archivo.java:76)
	at JKSinjector.JKSinjectorDAS.main(JKSinjectorDAS.java:54)
[main] INFO  JKSinjector.JKSinjectorDAS  - Path configuracion JOB Service: c://test/DAS/Job Server v1.15/conf/com.eda.crypto.cfg
[main] INFO  JKSinjector.JKSinjectorDAS  - Path configuracion REPO Service: c://test/DAS/Repository Server v1.15/conf/com.eda.crypto.cfg
[main] INFO  JKSinjector.JKSinjectorDAS  - Path Keystore JOB: C:\test\DAS\das-jsf-tls.jks
[main] INFO  JKSinjector.JKSinjectorDAS  - Clave JOB: yizNuxlcBLeEUYL
[main] INFO  JKSinjector.JKSinjectorDAS  - Path Keystore REPO: C:\test\DAS\das-sae-tls.jks
[main] INFO  JKSinjector.JKSinjectorDAS  - Clave REPO: I5wxuBY6ht1N6D9
[main] INFO  JKSinjector.JKSinjectorDAS  - Path TrustStore : C:\test\DAS\das-trust.jks
[main] INFO  JKSinjector.JKSinjectorDAS  - Clave REPO: Miclave.1
[main] INFO  JKSinjector.Carpeta  - ruta archivo y nombre: C:\Users\e10934a\Documents\NetBeansProjects\JKS_CA_Injector\Input\certificate.crt | certificate.crt
[main] INFO  JKSinjector.Certificado  - El numero de alias es : 1
[main] INFO  JKSinjector.Certificado  - Nombre alias: das-jsf-tls-20190222154823
[main] INFO  JKSinjector.Certificado  - ruta certificado a abrir: C:\Users\e10934a\Documents\NetBeansProjects\JKS_CA_Injector\Input\certificate.crt
[main] INFO  JKSinjector.Certificado  - Cantidad de certificado: 1
[main] INFO  JKSinjector.JKSinjectorDAS  - certificado: [
[
  Version: V3
  Subject: EMAILADDRESS=BANCO@PICHINCHA.PE, CN=MOTOR, OU=RIESGOS, O=PICHINCHA, L=LIMA, ST=LIMA, C=PE
  Signature Algorithm: SHA256withRSA, OID = 1.2.840.113549.1.1.11

  Key:  Sun RSA public key, 2048 bits
  modulus: 30963421175642534579356138896890364042917668531567935020845942345305483646385563289061698382679187292048175850975798247256458276946941793956133051749578650561338267108938021435512646533457932132875507482447396741809752300174175971180356683188407253962181392595493975648383934732959416535808995422066871492522375249895703335601560934570954370139102737432184147153168359961968710232246072569950992459556241379890862383786773530011148316898841334171975286935827938554756975032457626684724871685421820912331536773100930642975484927826881246197536551069921796663393863561669451827645726694240775929657717599670878724172833
  public exponent: 65537
  Validity: [From: Tue Sep 24 19:33:27 ART 2019,
               To: Mon Sep 13 19:33:27 ART 2021]
  Issuer: EMAILADDRESS=BANCO@PICHINCHA.PE, CN=MOTOR, OU=RIESGOS, O=PICHINCHA, L=LIMA, ST=LIMA, C=PE
  SerialNumber: [    68b261fe 8011951b 9578aae6 add55e74 ea0c353f]

Certificate Extensions: 3
[1]: ObjectId: 2.5.29.35 Criticality=false
AuthorityKeyIdentifier [
KeyIdentifier [
0000: E5 64 ED 35 19 6E D1 6B   35 95 8B DE CE 2B C4 AD  .d.5.n.k5....+..
0010: E0 8A 1E 1D                                        ....
]
]

[2]: ObjectId: 2.5.29.19 Criticality=true
BasicConstraints:[
  CA:true
  PathLen:2147483647
]

[3]: ObjectId: 2.5.29.14 Criticality=false
SubjectKeyIdentifier [
KeyIdentifier [
0000: E5 64 ED 35 19 6E D1 6B   35 95 8B DE CE 2B C4 AD  .d.5.n.k5....+..
0010: E0 8A 1E 1D                                        ....
]
]

]
  Algorithm: [SHA256withRSA]
  Signature:
0000: 36 5D 16 50 B5 F4 1C 7C   16 8B 7C E1 31 B1 D7 C6  6].P........1...
0010: 76 4B C9 D0 7B BC F2 D9   38 F0 EC 15 49 4C B7 97  vK......8...IL..
0020: 51 5E CE 90 7A 40 C8 4C   2B E4 7E 58 F1 67 FD 4F  Q^..z@.L+..X.g.O
0030: 53 DE DF 5A 44 92 60 E0   87 59 32 4F BC 32 01 29  S..ZD.`..Y2O.2.)
0040: 35 01 46 C9 60 74 AC A7   43 FD 89 ED DD 13 2D 20  5.F.`t..C.....- 
0050: D5 E9 3E DE F1 56 72 FB   AA 30 C0 1F 6D AB E3 57  ..>..Vr..0..m..W
0060: 08 B4 D2 B9 26 41 FA F8   39 C3 53 6A 75 34 40 61  ....&A..9.Sju4@a
0070: 62 46 66 4F 1E 3C 9A CE   17 AD EF E5 32 59 2D 9E  bFfO.<......2Y-.
0080: CD 59 33 C6 24 4B 11 56   52 3C D8 AC DA B2 08 49  .Y3.$K.VR<.....I
0090: E1 1B 76 C3 C2 14 69 8F   C7 06 69 F0 BF DE 1B 0A  ..v...i...i.....
00A0: BA BA DA 89 70 98 18 B2   FE 97 6B F7 BC 78 6D 59  ....p.....k..xmY
00B0: 54 42 A8 B5 E8 31 6D 8D   62 58 DA 5E BB 36 CD E0  TB...1m.bX.^.6..
00C0: CD 38 8E 94 0B 10 B3 21   EB 0B FC 11 C1 16 44 61  .8.....!......Da
00D0: 3E 0D 5D 0C B5 DE C5 F5   7C 34 5E 4F F5 A0 40 13  >.]......4^O..@.
00E0: E0 13 10 4B 8B 3D 06 F7   D7 0D CD 2A 22 39 C9 DF  ...K.=.....*"9..
00F0: 62 8D 40 25 3A 12 08 D2   47 7A CE 42 80 73 7A ED  b.@%:...Gz.B.sz.

]
[main] INFO  JKSinjector.Certificado  - Guardado nuevo Certificado en Keystore [OK] 
[main] INFO  JKSinjector.Certificado  - El numero de alias es : 1
[main] INFO  JKSinjector.Certificado  - Nombre alias: das-sae-tls-20190222154823
[main] INFO  JKSinjector.Certificado  - ruta certificado a abrir: C:\Users\e10934a\Documents\NetBeansProjects\JKS_CA_Injector\Input\certificate.crt
[main] INFO  JKSinjector.Certificado  - Cantidad de certificado: 1
[main] INFO  JKSinjector.JKSinjectorDAS  - certificado: [
[
  Version: V3
  Subject: EMAILADDRESS=BANCO@PICHINCHA.PE, CN=MOTOR, OU=RIESGOS, O=PICHINCHA, L=LIMA, ST=LIMA, C=PE
  Signature Algorithm: SHA256withRSA, OID = 1.2.840.113549.1.1.11

  Key:  Sun RSA public key, 2048 bits
  modulus: 30963421175642534579356138896890364042917668531567935020845942345305483646385563289061698382679187292048175850975798247256458276946941793956133051749578650561338267108938021435512646533457932132875507482447396741809752300174175971180356683188407253962181392595493975648383934732959416535808995422066871492522375249895703335601560934570954370139102737432184147153168359961968710232246072569950992459556241379890862383786773530011148316898841334171975286935827938554756975032457626684724871685421820912331536773100930642975484927826881246197536551069921796663393863561669451827645726694240775929657717599670878724172833
  public exponent: 65537
  Validity: [From: Tue Sep 24 19:33:27 ART 2019,
               To: Mon Sep 13 19:33:27 ART 2021]
  Issuer: EMAILADDRESS=BANCO@PICHINCHA.PE, CN=MOTOR, OU=RIESGOS, O=PICHINCHA, L=LIMA, ST=LIMA, C=PE
  SerialNumber: [    68b261fe 8011951b 9578aae6 add55e74 ea0c353f]

Certificate Extensions: 3
[1]: ObjectId: 2.5.29.35 Criticality=false
AuthorityKeyIdentifier [
KeyIdentifier [
0000: E5 64 ED 35 19 6E D1 6B   35 95 8B DE CE 2B C4 AD  .d.5.n.k5....+..
0010: E0 8A 1E 1D                                        ....
]
]

[2]: ObjectId: 2.5.29.19 Criticality=true
BasicConstraints:[
  CA:true
  PathLen:2147483647
]

[3]: ObjectId: 2.5.29.14 Criticality=false
SubjectKeyIdentifier [
KeyIdentifier [
0000: E5 64 ED 35 19 6E D1 6B   35 95 8B DE CE 2B C4 AD  .d.5.n.k5....+..
0010: E0 8A 1E 1D                                        ....
]
]

]
  Algorithm: [SHA256withRSA]
  Signature:
0000: 36 5D 16 50 B5 F4 1C 7C   16 8B 7C E1 31 B1 D7 C6  6].P........1...
0010: 76 4B C9 D0 7B BC F2 D9   38 F0 EC 15 49 4C B7 97  vK......8...IL..
0020: 51 5E CE 90 7A 40 C8 4C   2B E4 7E 58 F1 67 FD 4F  Q^..z@.L+..X.g.O
0030: 53 DE DF 5A 44 92 60 E0   87 59 32 4F BC 32 01 29  S..ZD.`..Y2O.2.)
0040: 35 01 46 C9 60 74 AC A7   43 FD 89 ED DD 13 2D 20  5.F.`t..C.....- 
0050: D5 E9 3E DE F1 56 72 FB   AA 30 C0 1F 6D AB E3 57  ..>..Vr..0..m..W
0060: 08 B4 D2 B9 26 41 FA F8   39 C3 53 6A 75 34 40 61  ....&A..9.Sju4@a
0070: 62 46 66 4F 1E 3C 9A CE   17 AD EF E5 32 59 2D 9E  bFfO.<......2Y-.
0080: CD 59 33 C6 24 4B 11 56   52 3C D8 AC DA B2 08 49  .Y3.$K.VR<.....I
0090: E1 1B 76 C3 C2 14 69 8F   C7 06 69 F0 BF DE 1B 0A  ..v...i...i.....
00A0: BA BA DA 89 70 98 18 B2   FE 97 6B F7 BC 78 6D 59  ....p.....k..xmY
00B0: 54 42 A8 B5 E8 31 6D 8D   62 58 DA 5E BB 36 CD E0  TB...1m.bX.^.6..
00C0: CD 38 8E 94 0B 10 B3 21   EB 0B FC 11 C1 16 44 61  .8.....!......Da
00D0: 3E 0D 5D 0C B5 DE C5 F5   7C 34 5E 4F F5 A0 40 13  >.]......4^O..@.
00E0: E0 13 10 4B 8B 3D 06 F7   D7 0D CD 2A 22 39 C9 DF  ...K.=.....*"9..
00F0: 62 8D 40 25 3A 12 08 D2   47 7A CE 42 80 73 7A ED  b.@%:...Gz.B.sz.

]
[main] INFO  JKSinjector.Certificado  - Guardado nuevo Certificado en Keystore [OK] 
[main] INFO  JKSinjector.JKSinjectorDAS  - Path configuracion JOB Service: c://test/DAS/Job Server v1.15/conf/com.eda.crypto.cfg
[main] INFO  JKSinjector.JKSinjectorDAS  - Path configuracion REPO Service: c://test/DAS/Repository Server v1.15/conf/com.eda.crypto.cfg
[main] INFO  JKSinjector.JKSinjectorDAS  - Path Keystore JOB: C:\test\DAS\das-jsf-tls.jks
[main] INFO  JKSinjector.JKSinjectorDAS  - Clave JOB: yizNuxlcBLeEUYL
[main] INFO  JKSinjector.JKSinjectorDAS  - Path Keystore REPO: C:\test\DAS\das-sae-tls.jks
[main] INFO  JKSinjector.JKSinjectorDAS  - Clave REPO: I5wxuBY6ht1N6D9
[main] INFO  JKSinjector.JKSinjectorDAS  - Path TrustStore : C:\test\DAS\das-trust.jks
[main] INFO  JKSinjector.JKSinjectorDAS  - Clave REPO: Miclave.1
[main] INFO  JKSinjector.Carpeta  - ruta archivo y nombre: C:\Users\e10934a\Documents\NetBeansProjects\JKS_CA_Injector\Input\certificate.crt | certificate.crt
[main] INFO  JKSinjector.Certificado  - El numero de alias es : 1
[main] INFO  JKSinjector.Certificado  - Nombre alias: das-jsf-tls-20190222154823
[main] INFO  JKSinjector.Certificado  - ruta certificado a abrir: C:\Users\e10934a\Documents\NetBeansProjects\JKS_CA_Injector\Input\certificate.crt
[main] INFO  JKSinjector.Certificado  - Cantidad de certificado: 1
[main] INFO  JKSinjector.Certificado  - Guardado nuevo Certificado en Keystore [OK] 
[main] INFO  JKSinjector.Certificado  - El numero de alias es : 1
[main] INFO  JKSinjector.Certificado  - Nombre alias: das-sae-tls-20190222154823
[main] INFO  JKSinjector.Certificado  - ruta certificado a abrir: C:\Users\e10934a\Documents\NetBeansProjects\JKS_CA_Injector\Input\certificate.crt
[main] INFO  JKSinjector.Certificado  - Cantidad de certificado: 1
[main] INFO  JKSinjector.Certificado  - Guardado nuevo Certificado en Keystore [OK] 
[main] INFO  JKSinjector.Certificado  - [Borrado exitoso] das-jsf-tls-20190222154823
[main] INFO  JKSinjector.Certificado  - Guardado nuevo Certificado en Keystore [OK] 
[main] INFO  JKSinjector.Certificado  - [Borrado exitoso] das-sae-tls-20190222154823
[main] INFO  JKSinjector.Certificado  - Guardado nuevo Certificado en Keystore [OK] 
[main] INFO  JKSinjector.JKSinjectorDAS  - Path configuracion JOB Service: c://test/DAS/Job Server v1.15/conf/com.eda.crypto.cfg
[main] INFO  JKSinjector.JKSinjectorDAS  - Path configuracion REPO Service: c://test/DAS/Repository Server v1.15/conf/com.eda.crypto.cfg
[main] INFO  JKSinjector.JKSinjectorDAS  - Path Keystore JOB: C:\test\DAS\das-jsf-tls.jks
[main] INFO  JKSinjector.JKSinjectorDAS  - Clave JOB: yizNuxlcBLeEUYL
[main] INFO  JKSinjector.JKSinjectorDAS  - Path Keystore REPO: C:\test\DAS\das-sae-tls.jks
[main] INFO  JKSinjector.JKSinjectorDAS  - Clave REPO: I5wxuBY6ht1N6D9
[main] INFO  JKSinjector.JKSinjectorDAS  - Path TrustStore : C:\test\DAS\das-trust.jks
[main] INFO  JKSinjector.JKSinjectorDAS  - Clave REPO: Miclave.1
[main] INFO  JKSinjector.Carpeta  - ruta archivo y nombre: C:\Users\e10934a\Documents\NetBeansProjects\JKS_CA_Injector\Input\certificate.crt | certificate.crt
[main] INFO  JKSinjector.Certificado  - El numero de alias es : 1
[main] INFO  JKSinjector.Certificado  - Nombre alias: das-jsf-tls-20190222154823
[main] INFO  JKSinjector.Certificado  - ruta certificado a abrir: C:\Users\e10934a\Documents\NetBeansProjects\JKS_CA_Injector\Input\certificate.crt
[main] INFO  JKSinjector.Certificado  - Cantidad de certificado: 1
[main] INFO  JKSinjector.Certificado  - Guardado nuevo Certificado en Keystore: java.io.FileOutputStream@15aeb7ab [OK] 
[main] INFO  JKSinjector.Certificado  - El numero de alias es : 1
[main] INFO  JKSinjector.Certificado  - Nombre alias: das-sae-tls-20190222154823
[main] INFO  JKSinjector.Certificado  - ruta certificado a abrir: C:\Users\e10934a\Documents\NetBeansProjects\JKS_CA_Injector\Input\certificate.crt
[main] INFO  JKSinjector.Certificado  - Cantidad de certificado: 1
[main] INFO  JKSinjector.Certificado  - Guardado nuevo Certificado en Keystore: java.io.FileOutputStream@7b23ec81 [OK] 
[main] INFO  JKSinjector.Certificado  - [Borrado exitoso] das-jsf-tls-20190222154823
[main] INFO  JKSinjector.Certificado  - Guardado nuevo Certificado en Keystore: java.io.FileOutputStream@6acbcfc0 [OK] 
[main] INFO  JKSinjector.Certificado  - [Borrado exitoso] das-sae-tls-20190222154823
[main] INFO  JKSinjector.Certificado  - Guardado nuevo Certificado en Keystore: java.io.FileOutputStream@5f184fc6 [OK] 
[main] INFO  JKSinjector.JKSinjectorDAS  - Path configuracion JOB Service: c://test/DAS/Job Server v1.15/conf/com.eda.crypto.cfg
[main] INFO  JKSinjector.JKSinjectorDAS  - Path configuracion REPO Service: c://test/DAS/Repository Server v1.15/conf/com.eda.crypto.cfg
[main] INFO  JKSinjector.JKSinjectorDAS  - Path Keystore JOB: C:\test\DAS\das-jsf-tls.jks
[main] INFO  JKSinjector.JKSinjectorDAS  - Clave JOB: yizNuxlcBLeEUYL
[main] INFO  JKSinjector.JKSinjectorDAS  - Path Keystore REPO: C:\test\DAS\das-sae-tls.jks
[main] INFO  JKSinjector.JKSinjectorDAS  - Clave REPO: I5wxuBY6ht1N6D9
[main] INFO  JKSinjector.JKSinjectorDAS  - Path TrustStore : C:\test\DAS\das-trust.jks
[main] INFO  JKSinjector.JKSinjectorDAS  - Clave REPO: Miclave.1
[main] INFO  JKSinjector.Carpeta  - ruta archivo y nombre: C:\Users\e10934a\Documents\NetBeansProjects\JKS_CA_Injector\Input\certificate.crt | certificate.crt
[main] INFO  JKSinjector.Certificado  - El numero de alias es : 1
[main] INFO  JKSinjector.Certificado  - Nombre alias: das-jsf-tls-20190222154823
[main] INFO  JKSinjector.Certificado  - ruta certificado a abrir: C:\Users\e10934a\Documents\NetBeansProjects\JKS_CA_Injector\Input\certificate.crt
[main] INFO  JKSinjector.Certificado  - Cantidad de certificado: 1
[main] INFO  JKSinjector.Certificado  - Guardado nuevo Certificado en Keystore: C:\test\DAS\das-jsf-tls.jks [OK] 
[main] INFO  JKSinjector.Certificado  - El numero de alias es : 1
[main] INFO  JKSinjector.Certificado  - Nombre alias: das-sae-tls-20190222154823
[main] INFO  JKSinjector.Certificado  - ruta certificado a abrir: C:\Users\e10934a\Documents\NetBeansProjects\JKS_CA_Injector\Input\certificate.crt
[main] INFO  JKSinjector.Certificado  - Cantidad de certificado: 1
[main] INFO  JKSinjector.Certificado  - Guardado nuevo Certificado en Keystore: C:\test\DAS\das-sae-tls.jks [OK] 
[main] INFO  JKSinjector.Certificado  - [Borrado exitoso] das-jsf-tls-20190222154823
[main] INFO  JKSinjector.Certificado  - Guardado nuevo Certificado en Keystore: C:\test\DAS\das-trust.jks [OK] 
[main] INFO  JKSinjector.Certificado  - [Borrado exitoso] das-sae-tls-20190222154823
[main] INFO  JKSinjector.Certificado  - Guardado nuevo Certificado en Keystore: C:\test\DAS\das-trust.jks [OK] 
[main] INFO  SISKey.SIS_autofirmado  - ruta JKS: ${client.solution.home}\test\ib.jks
[main] INFO  SISKey.SIS_autofirmado  - ruta JKS: \sis\test\ib.jks
